<?xml version="1.0" encoding="UTF-8"?>
<!-- Generated by org.testng.reporters.JUnitReportReporter -->
<testsuite hostname="Mayank" failures="0" tests="1" name="TestCases.TC_01Automobile" time="8.329" errors="0" timestamp="2024-12-03T12:14:36 IST" skipped="0">
  <testcase classname="TestCases.TC_01Automobile" name="AutoInsurance" time="8.329"/>
  <system-out/>
</testsuite> <!-- TestCases.TC_01Automobile -->
