<?xml version="1.0" encoding="UTF-8"?>
<!-- Generated by org.testng.reporters.JUnitReportReporter -->
<testsuite hostname="Mayank" failures="0" tests="1" name="TestCases.TC_04Camper" time="8.296" errors="0" timestamp="2024-12-03T12:14:36 IST" skipped="0">
  <testcase classname="TestCases.TC_04Camper" name="Camperinsurance" time="8.296"/>
  <system-out/>
</testsuite> <!-- TestCases.TC_04Camper -->
