<?xml version="1.0" encoding="UTF-8"?>
<!-- Generated by org.testng.reporters.JUnitReportReporter -->
<testsuite hostname="Mayank" failures="0" tests="1" name="TestCases.TC_02Truck" time="12.943" errors="0" timestamp="2024-12-03T12:14:36 IST" skipped="0">
  <testcase classname="TestCases.TC_02Truck" name="Truckinsurance" time="12.943"/>
  <system-out/>
</testsuite> <!-- TestCases.TC_02Truck -->
