<?xml version="1.0" encoding="UTF-8"?>
<!-- Generated by org.testng.reporters.JUnitReportReporter -->
<testsuite hostname="Mayank" failures="0" tests="1" name="TestCases.TC_03Motorcycle" time="7.873" errors="0" timestamp="2024-12-03T12:14:36 IST" skipped="0">
  <testcase classname="TestCases.TC_03Motorcycle" name="Motorinsurance" time="7.873"/>
  <system-out/>
</testsuite> <!-- TestCases.TC_03Motorcycle -->
