<?xml version="1.0" encoding="UTF-8"?>
<!-- Generated by org.testng.reporters.JUnitReportReporter -->
<testsuite hostname="Mayank" failures="0" tests="1" name="TestCases.TC_01Automobile" time="3.479" errors="0" timestamp="2024-12-04T10:21:37 IST" skipped="0">
  <testcase classname="TestCases.TC_01Automobile" name="AutoInsurance" time="3.479"/>
</testsuite> <!-- TestCases.TC_01Automobile -->
